0 info it worked if it ends with ok
1 verbose cli [ 'C:\\Program Files\\nodejs\\node.exe',
1 verbose cli   'C:\\Program Files\\nodejs\\node_modules\\npm\\bin\\npm-cli.js',
1 verbose cli   'start' ]
2 info using npm@3.10.10
3 info using node@v7.2.1
4 verbose run-script [ 'prestart', 'start', 'poststart' ]
5 info lifecycle react-example@1.0.0~prestart: react-example@1.0.0
6 silly lifecycle react-example@1.0.0~prestart: no script for prestart, continuing
7 info lifecycle react-example@1.0.0~start: react-example@1.0.0
8 verbose lifecycle react-example@1.0.0~start: unsafe-perm in lifecycle true
9 verbose lifecycle react-example@1.0.0~start: PATH: C:\Program Files\nodejs\node_modules\npm\bin\node-gyp-bin;C:\Users\brad.nielsen\bootcamp\07-16-TR-Class-Content\class-content\19-ReactJS\1-Class-Content\19.3\Activities\02-AddressMERN-Students\SOLVED\node_modules\.bin;C:\Users\brad.nielsen\bin;C:\Program Files\Git\mingw64\bin;C:\Program Files\Git\usr\local\bin;C:\Program Files\Git\usr\bin;C:\Program Files\Git\usr\bin;C:\Program Files\Git\mingw64\bin;C:\Program Files\Git\usr\bin;C:\Users\brad.nielsen\bin;C:\ProgramData\Oracle\Java\javapath;C:\Windows\system32;C:\Windows;C:\Windows\System32\Wbem;C:\Windows\System32\WindowsPowerShell\v1.0;C:\Program Files\Git\cmd;C:\Program Files\nodejs;C:\Program Files (x86)\Microsoft SQL Server\110\Tools\Binn;C:\Program Files (x86)\Microsoft SQL Server\110\DTS\Binn;C:\Pfx Engagement\Common;C:\Program Files (x86)\Skype\Phone;C:\Program Files\Intel\WiFi\bin;C:\Program Files\Common Files\Intel\WirelessCommon;C:\Pfx Engagement\Common;C:\Program Files\MongoDB\Server\3.4\bin;C:\Users\brad.nielsen\AppData\Local\Microsoft\WindowsApps;C:\Users\brad.nielsen\AppData\Roaming\npm;C:\Program Files\Intel\WiFi\bin;C:\Program Files\Common Files\Intel\WirelessCommon;C:\Program Files\Git\usr\bin\vendor_perl;C:\Program Files\Git\usr\bin\core_perl
10 verbose lifecycle react-example@1.0.0~start: CWD: C:\Users\brad.nielsen\bootcamp\07-16-TR-Class-Content\class-content\19-ReactJS\1-Class-Content\19.3\Activities\02-AddressMERN-Students\SOLVED
11 silly lifecycle react-example@1.0.0~start: Args: [ '/d /s /c', 'node server' ]
12 silly lifecycle react-example@1.0.0~start: Returned: code: 1  signal: null
13 info lifecycle react-example@1.0.0~start: Failed to exec start script
14 verbose stack Error: react-example@1.0.0 start: `node server`
14 verbose stack Exit status 1
14 verbose stack     at EventEmitter.<anonymous> (C:\Program Files\nodejs\node_modules\npm\lib\utils\lifecycle.js:255:16)
14 verbose stack     at emitTwo (events.js:106:13)
14 verbose stack     at EventEmitter.emit (events.js:191:7)
14 verbose stack     at ChildProcess.<anonymous> (C:\Program Files\nodejs\node_modules\npm\lib\utils\spawn.js:40:14)
14 verbose stack     at emitTwo (events.js:106:13)
14 verbose stack     at ChildProcess.emit (events.js:191:7)
14 verbose stack     at maybeClose (internal/child_process.js:885:16)
14 verbose stack     at Process.ChildProcess._handle.onexit (internal/child_process.js:226:5)
15 verbose pkgid react-example@1.0.0
16 verbose cwd C:\Users\brad.nielsen\bootcamp\07-16-TR-Class-Content\class-content\19-ReactJS\1-Class-Content\19.3\Activities\02-AddressMERN-Students\SOLVED
17 error Windows_NT 10.0.14393
18 error argv "C:\\Program Files\\nodejs\\node.exe" "C:\\Program Files\\nodejs\\node_modules\\npm\\bin\\npm-cli.js" "start"
19 error node v7.2.1
20 error npm  v3.10.10
21 error code ELIFECYCLE
22 error react-example@1.0.0 start: `node server`
22 error Exit status 1
23 error Failed at the react-example@1.0.0 start script 'node server'.
23 error Make sure you have the latest version of node.js and npm installed.
23 error If you do, this is most likely a problem with the react-example package,
23 error not with npm itself.
23 error Tell the author that this fails on your system:
23 error     node server
23 error You can get information on how to open an issue for this project with:
23 error     npm bugs react-example
23 error Or if that isn't available, you can get their info via:
23 error     npm owner ls react-example
23 error There is likely additional logging output above.
24 verbose exit [ 1, true ]
