0 info it worked if it ends with ok
1 verbose cli [ 'C:\\Program Files\\nodejs\\node.exe',
1 verbose cli   'C:\\Program Files\\nodejs\\node_modules\\npm\\bin\\npm-cli.js',
1 verbose cli   'run',
1 verbose cli   'start' ]
2 info using npm@3.10.10
3 info using node@v7.2.1
4 verbose run-script [ 'prestart', 'start', 'poststart' ]
5 info lifecycle react-review@1.0.0~prestart: react-review@1.0.0
6 silly lifecycle react-review@1.0.0~prestart: no script for prestart, continuing
7 info lifecycle react-review@1.0.0~start: react-review@1.0.0
8 verbose lifecycle react-review@1.0.0~start: unsafe-perm in lifecycle true
9 verbose lifecycle react-review@1.0.0~start: PATH: C:\Program Files\nodejs\node_modules\npm\bin\node-gyp-bin;C:\Users\brad.nielsen\bootcamp\07-16-TR-Class-Content\class-content\19-ReactJS\1-Class-Content\19.5\11-Redux-Intro\node_modules\.bin;C:\tools\cmder\bin;C:\tools\cmder\vendor\conemu-maximus5\ConEmu\Scripts;C:\tools\cmder\vendor\conemu-maximus5;C:\tools\cmder\vendor\conemu-maximus5\ConEmu;C:\ProgramData\Oracle\Java\javapath;C:\Windows\system32;C:\Windows;C:\Windows\System32\Wbem;C:\Windows\System32\WindowsPowerShell\v1.0\;C:\Program Files\Git\cmd;C:\Program Files\nodejs\;C:\Program Files (x86)\Microsoft SQL Server\110\Tools\Binn\;C:\Program Files (x86)\Microsoft SQL Server\110\DTS\Binn\;C:\Pfx Engagement\Common;C:\Program Files (x86)\Skype\Phone\;C:\Program Files\Intel\WiFi\bin\;C:\Program Files\Common Files\Intel\WirelessCommon\;C:\Pfx Engagement\Common;C:\Program Files\MongoDB\Server\3.4\bin;C:\xampp\php;%USERPROFILE%\.dnx\bin;C:\Program Files\Microsoft DNX\Dnvm\;C:\Program Files (x86)\Windows Kits\8.1\Windows Performance Toolkit\;C:\Program Files\Microsoft SQL Server\120\Tools\Binn\;C:\Program Files\Microsoft SQL Server\130\Tools\Binn\;C:\ProgramData\ComposerSetup\bin;C:\Program Files (x86)\Microsoft SQL Server\Client SDK\ODBC\130\Tools\Binn\;C:\Program Files (x86)\Microsoft SQL Server\130\Tools\Binn\;C:\Program Files (x86)\Microsoft SQL Server\130\DTS\Binn\;C:\Program Files (x86)\Microsoft SQL Server\130\Tools\Binn\ManagementStudio\;C:\ProgramData\chocolatey\bin;C:\Program Files (x86)\Nmap;C:\Users\brad.nielsen\AppData\Local\Microsoft\WindowsApps;C:\Users\brad.nielsen\AppData\Roaming\npm;C:\Users\brad.nielsen\AppData\Roaming\Composer\vendor\bin;C:\Program Files\Git\usr\bin;C:\Program Files\Git\usr\share\vim\vim74;C:\tools\cmder\
10 verbose lifecycle react-review@1.0.0~start: CWD: C:\Users\brad.nielsen\bootcamp\07-16-TR-Class-Content\class-content\19-ReactJS\1-Class-Content\19.5\11-Redux-Intro
11 silly lifecycle react-review@1.0.0~start: Args: [ '/d /s /c', 'node server' ]
12 silly lifecycle react-review@1.0.0~start: Returned: code: 3221225786  signal: null
13 info lifecycle react-review@1.0.0~start: Failed to exec start script
14 verbose stack Error: react-review@1.0.0 start: `node server`
14 verbose stack Exit status 3221225786
14 verbose stack     at EventEmitter.<anonymous> (C:\Program Files\nodejs\node_modules\npm\lib\utils\lifecycle.js:255:16)
14 verbose stack     at emitTwo (events.js:106:13)
14 verbose stack     at EventEmitter.emit (events.js:191:7)
14 verbose stack     at ChildProcess.<anonymous> (C:\Program Files\nodejs\node_modules\npm\lib\utils\spawn.js:40:14)
14 verbose stack     at emitTwo (events.js:106:13)
14 verbose stack     at ChildProcess.emit (events.js:191:7)
14 verbose stack     at maybeClose (internal/child_process.js:885:16)
14 verbose stack     at Process.ChildProcess._handle.onexit (internal/child_process.js:226:5)
15 verbose pkgid react-review@1.0.0
16 verbose cwd C:\Users\brad.nielsen\bootcamp\07-16-TR-Class-Content\class-content\19-ReactJS\1-Class-Content\19.5\11-Redux-Intro
17 error Windows_NT 10.0.14393
18 error argv "C:\\Program Files\\nodejs\\node.exe" "C:\\Program Files\\nodejs\\node_modules\\npm\\bin\\npm-cli.js" "run" "start"
19 error node v7.2.1
20 error npm  v3.10.10
21 error code ELIFECYCLE
22 error react-review@1.0.0 start: `node server`
22 error Exit status 3221225786
23 error Failed at the react-review@1.0.0 start script 'node server'.
23 error Make sure you have the latest version of node.js and npm installed.
23 error If you do, this is most likely a problem with the react-review package,
23 error not with npm itself.
23 error Tell the author that this fails on your system:
23 error     node server
23 error You can get information on how to open an issue for this project with:
23 error     npm bugs react-review
23 error Or if that isn't available, you can get their info via:
23 error     npm owner ls react-review
23 error There is likely additional logging output above.
24 verbose exit [ 1, true ]
